<?xml version="1.0" encoding="UTF-8"?>
<!-- Generated by org.testng.reporters.JUnitReportReporter -->
<testsuite hostname="DESKTOP-P91MPCT" failures="0" tests="1" name="tests.LoginTest" time="3.670" errors="0" timestamp="2025-10-21T10:05:26 EDT" skipped="0">
  <testcase classname="tests.LoginTest" name="testValidLogin" time="3.670"/>
</testsuite> <!-- tests.LoginTest -->
