<?xml version="1.0" encoding="UTF-8"?>
<!-- Generated by org.testng.reporters.JUnitReportReporter -->
<testsuite hostname="DESKTOP-P91MPCT" failures="0" tests="1" name="tests.LoginTest" time="5.748" errors="0" timestamp="2025-10-24T16:24:52 EDT" skipped="0">
  <testcase classname="tests.LoginTest" name="testValidLogin" time="5.748"/>
</testsuite> <!-- tests.LoginTest -->
